Start auto log messages stack - Iteration 4.	[MsgId: MMSG-10545]
Action_UC05_New.c(67): web_add_cookie was successful  	[MsgId: MMSG-26392]
Action_UC05_New.c(69): web_add_auto_header("X-XSRF-TOKEN") started  	[MsgId: MMSG-26355]
Action_UC05_New.c(69): web_add_auto_header("X-XSRF-TOKEN") was successful  	[MsgId: MMSG-26392]
Action_UC05_New.c(71): web_reg_save_param_regexp started  	[MsgId: MMSG-26355]
Action_UC05_New.c(71): Registering web_reg_save_param_regexp was successful  	[MsgId: MMSG-26390]
Action_UC05_New.c(77): web_submit_data("authentication") started  	[MsgId: MMSG-26355]
Action_UC05_New.c(77): Downloading resource "https://loadtest.uxcrowd.ru/api/account" (specified by argument number 21)  	[MsgId: MMSG-26577]
Action_UC05_New.c(77): Error -26547: Authentication required, please use "web_set_user", e.g. web_set_user("domain\\user", "password", "host:port");  	[MsgId: MERR-26547]
Action_UC05_New.c(77): Error -26630: HTTP Status-Code=401 (Unauthorized) for "https://loadtest.uxcrowd.ru/api/authentication"  	[MsgId: MERR-26630]
End auto log messages stack.	[MsgId: MMSG-10544]

Start auto log messages stack - Iteration 4.	[MsgId: MMSG-10545]
Action_UC05_New.c(77): Warning -26547: Authentication required, please use "web_set_user", e.g. web_set_user("domain\\user", "password", "host:port");  	[MsgId: MWAR-26547]
Action_UC05_New.c(77): Warning -26630: HTTP Status-Code=401 (Unauthorized) for "https://loadtest.uxcrowd.ru/api/account"  	[MsgId: MWAR-26630]
Action_UC05_New.c(77): Error -35049: No match found for the requested parameter "XSRF_TOKEN". Check whether the requested regular expression exists in the response data  	[MsgId: MERR-35049]
End auto log messages stack.	[MsgId: MMSG-10544]

Start auto log messages stack - Iteration 22.	[MsgId: MMSG-10545]
Action_UC05_New.c(252): web_url("videoName") started  	[MsgId: MMSG-26355]
Action_UC05_New.c(252): web_url("videoName") was successful, 3260 body bytes, 549 header bytes, 12 chunking overhead bytes  	[MsgId: MMSG-26385]
Action_UC05_New.c(261): Notify: Transaction "UC06_TR0X_video_get_id" ended with a "Pass" status (Duration: 5.7458 Wasted Time: 0.0000).	[MsgId: MMSG-16871]
Action_UC05_New.c(267): web_reg_save_param_regexp started  	[MsgId: MMSG-26355]
Action_UC05_New.c(267): Registering web_reg_save_param_regexp was successful  	[MsgId: MMSG-26390]
Action_UC05_New.c(276): Notify: Transaction "UC05_TR07_video_get_filename" started.	[MsgId: MMSG-16999]
Action_UC05_New.c(278): web_url("videoName") started  	[MsgId: MMSG-26355]
Action_UC05_New.c(278): Error -26612: HTTP Status-Code=500 (Internal Server Error) for "https://loadtest.uxcrowd.ru/api/v3/video/f158b64a-8965-4188-abb2-67163cadc49a"  	[MsgId: MERR-26612]
Action_UC05_New.c(278): Error -35049: No match found for the requested parameter "videoFileName". Check whether the requested regular expression exists in the response data  	[MsgId: MERR-35049]
End auto log messages stack.	[MsgId: MMSG-10544]

